  Day 4.cpp
C:\Program Files\Microsoft Visual Studio\2022\Enterprise\VC\Tools\MSVC\14.36.32532\include\xtree(1260,36): error C2100: illegal indirection
C:\Program Files\Microsoft Visual Studio\2022\Enterprise\VC\Tools\MSVC\14.36.32532\include\xtree(1268,9): message : see reference to function template instantiation 'void std::_Tree<std::_Tmap_traits<_Kty,_Ty,_Pr,_Alloc,false>>::_Insert_range_unchecked<_Iter,_Iter>(_Iter,const _Sent)' being compiled
          with
          [
              _Kty=int,
              _Ty=int,
              _Pr=std::less<int>,
              _Alloc=std::allocator<std::pair<const int,int>>,
              _Iter=int,
              _Sent=int
          ]
D:\Advent-of-Code-2023\AdventOfCode2023\Day 4\Day 4.cpp(101,28): message : see reference to function template instantiation 'void std::_Tree<std::_Tmap_traits<_Kty,_Ty,_Pr,_Alloc,false>>::insert<int>(_Iter,_Iter)' being compiled
          with
          [
              _Kty=int,
              _Ty=int,
              _Pr=std::less<int>,
              _Alloc=std::allocator<std::pair<const int,int>>,
              _Iter=int
          ]
D:\Advent-of-Code-2023\AdventOfCode2023\Day 4\Day 4.cpp(101,35): message : see the first reference to 'std::_Tree<std::_Tmap_traits<_Kty,_Ty,_Pr,_Alloc,false>>::insert' in 'main'
          with
          [
              _Kty=int,
              _Ty=int,
              _Pr=std::less<int>,
              _Alloc=std::allocator<std::pair<const int,int>>
          ]
